<?xml version="1.0" encoding="UTF-8"?>
<!-- Generated by org.testng.reporters.JUnitReportReporter -->
<testsuite hostname="EPINGUGW0690" failures="0" tests="1" name="multimodule_maven_project.TestModule1" time="0.008" errors="0" timestamp="2024-12-13T17:18:18 IST" skipped="0">
  <testcase classname="multimodule_maven_project.TestModule1" name="module1Test" time="0.008"/>
</testsuite> <!-- multimodule_maven_project.TestModule1 -->
